[2022-12-02 13:40:15] SELECT * FROM element e
            INNER JOIN element_dictionary_value edv ON (edv.element_id = e.id)
            INNER JOIN dictionary_value dv ON (edv.dictionary_value_id = dv.id)
            INNER JOIN dictionary d ON (dv.dictionary_id = d.id) WHERE d.code = :type AND dv.code = :type_value
[2022-12-02 13:40:15] SELECT * FROM element e
            INNER JOIN element_dictionary_value edv ON (edv.element_id = e.id)
            INNER JOIN dictionary_value dv ON (edv.dictionary_value_id = dv.id)
            INNER JOIN dictionary d ON (dv.dictionary_id = d.id) WHERE d.code = :type AND dv.code = :type_value
[2022-12-02 13:43:04] SELECT * FROM element e
            INNER JOIN element_dictionary_value edv ON (edv.element_id = e.id)
            INNER JOIN dictionary_value dv ON (edv.dictionary_value_id = dv.id)
            INNER JOIN dictionary d ON (dv.dictionary_id = d.id) WHERE d.code = :type AND dv.code = :type_value
[2022-12-02 13:43:04] SELECT * FROM element e
            INNER JOIN element_dictionary_value edv ON (edv.element_id = e.id)
            INNER JOIN dictionary_value dv ON (edv.dictionary_value_id = dv.id)
            INNER JOIN dictionary d ON (dv.dictionary_id = d.id) WHERE d.code = :type AND dv.code = :type_value
[2022-12-02 13:44:29] SELECT * FROM element e
            INNER JOIN element_dictionary_value edv ON (edv.element_id = e.id)
            INNER JOIN dictionary_value dv ON (edv.dictionary_value_id = dv.id)
            INNER JOIN dictionary d ON (dv.dictionary_id = d.id) WHERE d.code = :type AND dv.code = :type_value
[2022-12-02 13:44:29] SELECT * FROM element e
            INNER JOIN element_dictionary_value edv ON (edv.element_id = e.id)
            INNER JOIN dictionary_value dv ON (edv.dictionary_value_id = dv.id)
            INNER JOIN dictionary d ON (dv.dictionary_id = d.id) WHERE d.code = :type AND dv.code = :type_value
[2022-12-02 13:45:11] SELECT * FROM element e
            INNER JOIN element_dictionary_value edv ON (edv.element_id = e.id)
            INNER JOIN dictionary_value dv ON (edv.dictionary_value_id = dv.id)
            INNER JOIN dictionary d ON (dv.dictionary_id = d.id) WHERE d.code = :type AND dv.code = :type_value
[2022-12-02 13:45:11] SELECT * FROM element e
            INNER JOIN element_dictionary_value edv ON (edv.element_id = e.id)
            INNER JOIN dictionary_value dv ON (edv.dictionary_value_id = dv.id)
            INNER JOIN dictionary d ON (dv.dictionary_id = d.id) WHERE d.code = :type AND dv.code = :type_value
[2022-12-02 13:45:53] SELECT * FROM element e
            INNER JOIN element_dictionary_value edv ON (edv.element_id = e.id)
            INNER JOIN dictionary_value dv ON (edv.dictionary_value_id = dv.id)
            INNER JOIN dictionary d ON (dv.dictionary_id = d.id) WHERE d.code = :type AND dv.code = :type_value
[2022-12-02 13:45:53] SELECT * FROM element e
            INNER JOIN element_dictionary_value edv ON (edv.element_id = e.id)
            INNER JOIN dictionary_value dv ON (edv.dictionary_value_id = dv.id)
            INNER JOIN dictionary d ON (dv.dictionary_id = d.id) WHERE d.code = :type AND dv.code = :type_value
[2022-12-02 13:55:20] SELECT * FROM element e
            INNER JOIN element_dictionary_value edv ON (edv.element_id = e.id)
            INNER JOIN dictionary_value dv ON (edv.dictionary_value_id = dv.id)
            INNER JOIN dictionary d ON (dv.dictionary_id = d.id) WHERE d.code = :type AND dv.code = :type_value
[2022-12-02 13:55:20] SELECT * FROM element e
            INNER JOIN element_dictionary_value edv ON (edv.element_id = e.id)
            INNER JOIN dictionary_value dv ON (edv.dictionary_value_id = dv.id)
            INNER JOIN dictionary d ON (dv.dictionary_id = d.id) WHERE d.code = :type AND dv.code = :type_value
[2022-12-02 13:56:58] SELECT e.name, e.image, e.thumbnail FROM element e
            INNER JOIN element_dictionary_value edv ON (edv.element_id = e.id)
            INNER JOIN dictionary_value dv ON (edv.dictionary_value_id = dv.id)
            INNER JOIN dictionary d ON (dv.dictionary_id = d.id) WHERE d.code = :type AND dv.code = :type_value
[2022-12-02 13:56:58] SELECT e.name, e.image, e.thumbnail FROM element e
            INNER JOIN element_dictionary_value edv ON (edv.element_id = e.id)
            INNER JOIN dictionary_value dv ON (edv.dictionary_value_id = dv.id)
            INNER JOIN dictionary d ON (dv.dictionary_id = d.id) WHERE d.code = :type AND dv.code = :type_value
[2022-12-02 13:57:55] SELECT e.name, e.image, e.thumbnail FROM element e
            INNER JOIN element_dictionary_value edv ON (edv.element_id = e.id)
            INNER JOIN dictionary_value dv ON (edv.dictionary_value_id = dv.id)
            INNER JOIN dictionary d ON (dv.dictionary_id = d.id) WHERE d.code = :type AND dv.code = :type_value
[2022-12-02 13:57:55] SELECT e.name, e.image, e.thumbnail FROM element e
            INNER JOIN element_dictionary_value edv ON (edv.element_id = e.id)
            INNER JOIN dictionary_value dv ON (edv.dictionary_value_id = dv.id)
            INNER JOIN dictionary d ON (dv.dictionary_id = d.id) WHERE d.code = :type AND dv.code = :type_value
[2022-12-02 13:57:56] SELECT e.name, e.image, e.thumbnail FROM element e
            INNER JOIN element_dictionary_value edv ON (edv.element_id = e.id)
            INNER JOIN dictionary_value dv ON (edv.dictionary_value_id = dv.id)
            INNER JOIN dictionary d ON (dv.dictionary_id = d.id) WHERE d.code = :type AND dv.code = :type_value
[2022-12-02 13:57:56] SELECT e.name, e.image, e.thumbnail FROM element e
            INNER JOIN element_dictionary_value edv ON (edv.element_id = e.id)
            INNER JOIN dictionary_value dv ON (edv.dictionary_value_id = dv.id)
            INNER JOIN dictionary d ON (dv.dictionary_id = d.id) WHERE d.code = :type AND dv.code = :type_value
[2022-12-02 13:58:13] SELECT e.name, e.image, e.thumbnail FROM element e
            INNER JOIN element_dictionary_value edv ON (edv.element_id = e.id)
            INNER JOIN dictionary_value dv ON (edv.dictionary_value_id = dv.id)
            INNER JOIN dictionary d ON (dv.dictionary_id = d.id) WHERE d.code = :type AND dv.code = :type_value
[2022-12-02 13:58:13] SELECT e.name, e.image, e.thumbnail FROM element e
            INNER JOIN element_dictionary_value edv ON (edv.element_id = e.id)
            INNER JOIN dictionary_value dv ON (edv.dictionary_value_id = dv.id)
            INNER JOIN dictionary d ON (dv.dictionary_id = d.id) WHERE d.code = :type AND dv.code = :type_value
[2022-12-02 13:58:35] SELECT e.name, e.image, e.thumbnail FROM element e
            INNER JOIN element_dictionary_value edv ON (edv.element_id = e.id)
            INNER JOIN dictionary_value dv ON (edv.dictionary_value_id = dv.id)
            INNER JOIN dictionary d ON (dv.dictionary_id = d.id) WHERE d.code = :type AND dv.code = :type_value
[2022-12-02 13:58:46] SELECT e.name, e.image, e.thumbnail FROM element e
            INNER JOIN element_dictionary_value edv ON (edv.element_id = e.id)
            INNER JOIN dictionary_value dv ON (edv.dictionary_value_id = dv.id)
            INNER JOIN dictionary d ON (dv.dictionary_id = d.id) WHERE d.code = :type AND dv.code = :type_value
[2022-12-02 13:58:46] SELECT e.name, e.image, e.thumbnail FROM element e
            INNER JOIN element_dictionary_value edv ON (edv.element_id = e.id)
            INNER JOIN dictionary_value dv ON (edv.dictionary_value_id = dv.id)
            INNER JOIN dictionary d ON (dv.dictionary_id = d.id) WHERE d.code = :type AND dv.code = :type_value
[2022-12-02 13:58:48] SELECT e.name, e.image, e.thumbnail FROM element e
            INNER JOIN element_dictionary_value edv ON (edv.element_id = e.id)
            INNER JOIN dictionary_value dv ON (edv.dictionary_value_id = dv.id)
            INNER JOIN dictionary d ON (dv.dictionary_id = d.id) WHERE d.code = :type AND dv.code = :type_value
[2022-12-02 13:58:48] SELECT e.name, e.image, e.thumbnail FROM element e
            INNER JOIN element_dictionary_value edv ON (edv.element_id = e.id)
            INNER JOIN dictionary_value dv ON (edv.dictionary_value_id = dv.id)
            INNER JOIN dictionary d ON (dv.dictionary_id = d.id) WHERE d.code = :type AND dv.code = :type_value
[2022-12-02 13:58:50] SELECT e.name, e.image, e.thumbnail FROM element e
            INNER JOIN element_dictionary_value edv ON (edv.element_id = e.id)
            INNER JOIN dictionary_value dv ON (edv.dictionary_value_id = dv.id)
            INNER JOIN dictionary d ON (dv.dictionary_id = d.id) WHERE d.code = :type AND dv.code = :type_value
[2022-12-02 13:58:50] SELECT e.name, e.image, e.thumbnail FROM element e
            INNER JOIN element_dictionary_value edv ON (edv.element_id = e.id)
            INNER JOIN dictionary_value dv ON (edv.dictionary_value_id = dv.id)
            INNER JOIN dictionary d ON (dv.dictionary_id = d.id) WHERE d.code = :type AND dv.code = :type_value
[2022-12-02 13:58:51] SELECT e.name, e.image, e.thumbnail FROM element e
            INNER JOIN element_dictionary_value edv ON (edv.element_id = e.id)
            INNER JOIN dictionary_value dv ON (edv.dictionary_value_id = dv.id)
            INNER JOIN dictionary d ON (dv.dictionary_id = d.id) WHERE d.code = :type AND dv.code = :type_value
[2022-12-02 13:58:51] SELECT e.name, e.image, e.thumbnail FROM element e
            INNER JOIN element_dictionary_value edv ON (edv.element_id = e.id)
            INNER JOIN dictionary_value dv ON (edv.dictionary_value_id = dv.id)
            INNER JOIN dictionary d ON (dv.dictionary_id = d.id) WHERE d.code = :type AND dv.code = :type_value
